<?xml version="1.0" encoding="UTF-8"?>
<testsuite xmlns:xsi="http://www.w3.org/2001/XMLSchema-instance" xsi:noNamespaceSchemaLocation="https://maven.apache.org/surefire/maven-surefire-plugin/xsd/surefire-test-report-3.0.xsd" version="3.0" name="com.jianzj.SpringbootTliasApplicationTests" time="0.316" tests="3" errors="1" skipped="0" failures="0">
  <properties>
[...]
</properties>
  <testcase name="contextLoads" classname="com.jianzj.SpringbootTliasApplicationTests" time="0.016"/>
  <testcase name="testGenJWT" classname="com.jianzj.SpringbootTliasApplicationTests" time="0.246">
    <system-out><![CDATA[eyJhbGciOiJIUzI1NiJ9.eyJuYW1lIjoiVG9tIiwiaWQiOjEsImV4cCI6MTcyMTA3MTAzM30.ooNqQ7kVVrRwt9NuHXWok5ZveWg78uMtXbobdziZH4Q
]]></system-out>
  </testcase>
  <testcase name="testParseJWT" classname="com.jianzj.SpringbootTliasApplicationTests" time="0.036">
    <error message="JWT expired 426392576 milliseconds ago at 2024-07-10T19:50:41.000Z. Current time: 2024-07-15T18:17:13.576Z. Allowed clock skew: 0 milliseconds." type="io.jsonwebtoken.ExpiredJwtException"><![CDATA[io.jsonwebtoken.ExpiredJwtException: JWT expired 426392576 milliseconds ago at 2024-07-10T19:50:41.000Z. Current time: 2024-07-15T18:17:13.576Z. Allowed clock skew: 0 milliseconds.
	at io.jsonwebtoken.impl.DefaultJwtParser.parse(DefaultJwtParser.java:682)
	at io.jsonwebtoken.impl.DefaultJwtParser.parse(DefaultJwtParser.java:362)
	at io.jsonwebtoken.impl.DefaultJwtParser.parse(DefaultJwtParser.java:94)
	at io.jsonwebtoken.impl.io.AbstractParser.parse(AbstractParser.java:36)
	at io.jsonwebtoken.impl.io.AbstractParser.parse(AbstractParser.java:29)
	at io.jsonwebtoken.impl.DefaultJwtParser.parseSignedClaims(DefaultJwtParser.java:821)
	at io.jsonwebtoken.impl.DefaultJwtParser.parseClaimsJws(DefaultJwtParser.java:797)
	at com.jianzj.SpringbootTliasApplicationTests.testParseJWT(SpringbootTliasApplicationTests.java:45)
	at java.base/java.lang.reflect.Method.invoke(Method.java:568)
	at java.base/java.util.ArrayList.forEach(ArrayList.java:1511)
	at java.base/java.util.ArrayList.forEach(ArrayList.java:1511)
]]></error>
  </testcase>
</testsuite>